\BOOKMARK [0][-]{chapter.1}{第1章  绪论}{}% 1
\BOOKMARK [1][-]{section.1.1}{1.1 概述}{chapter.1}% 2
\BOOKMARK [2][-]{subsection.1.1.1}{1.1.1 稀疏建模：时代的需要}{section.1.1}% 3
\BOOKMARK [2][-]{subsection.1.1.2}{1.1.2 稀疏建模的哲学基础：剃刀原则}{section.1.1}% 4
\BOOKMARK [1][-]{section.1.2}{1.2 问题的提出}{chapter.1}% 5
\BOOKMARK [2][-]{subsection.1.2.1}{1.2.1 欠定线性系统}{section.1.2}% 6
\BOOKMARK [2][-]{subsection.1.2.2}{1.2.2 正则化解}{section.1.2}% 7
\BOOKMARK [1][-]{section.1.3}{1.3 稀疏表示的研究概况}{chapter.1}% 8
\BOOKMARK [-1][-]{part.1}{第一部分 小波变换：理论及其在图像处理中的应用}{}% 9
\BOOKMARK [-1][-]{part.2}{第二部分 稀疏表示：理论和数值基础}{}% 10
\BOOKMARK [0][-]{chapter.2}{第2章  稀疏复原：问题描述}{part.2}% 11
\BOOKMARK [1][-]{section.2.1}{2.1 不含噪稀疏复原}{chapter.2}% 12
\BOOKMARK [2][-]{subsection.2.1.1}{2.1.1 凸性的简单回顾}{section.2.1}% 13
\BOOKMARK [2][-]{subsection.2.1.2}{2.1.2 问题P0的松弛}{section.2.1}% 14
\BOOKMARK [2][-]{subsection.2.1.3}{2.1.3 q-正则函数对接的稀疏性的影响}{section.2.1}% 15
\BOOKMARK [2][-]{subsection.2.1.4}{2.1.4 1范数最小化与线性规划的等价性}{section.2.1}% 16
\BOOKMARK [1][-]{section.2.2}{2.2 含噪稀疏复原}{chapter.2}% 17
\BOOKMARK [2][-]{subsection.2.2.1}{2.2.1 两种特例情况下的LASSO问题的几何解释}{section.2.2}% 18
\BOOKMARK [1][-]{section.2.3}{2.3 稀疏复原的统计学视角}{chapter.2}% 19
\BOOKMARK [0][-]{chapter.3}{第3章  理论结果：解的唯一性与不确定性}{part.2}% 20
\BOOKMARK [1][-]{section.3.1}{3.1 引言}{chapter.3}% 21
\BOOKMARK [1][-]{section.3.2}{3.2 稀疏表示与字典学习}{chapter.3}% 22
\BOOKMARK [1][-]{section.3.3}{3.3 稀疏表示问题的求解}{chapter.3}% 23
\BOOKMARK [1][-]{section.3.4}{3.4 稀疏表示求解算法的理论分析}{chapter.3}% 24
\BOOKMARK [1][-]{section.3.5}{3.5 基于卷积神经网络的稀疏建模介绍}{chapter.3}% 25
\BOOKMARK [-1][-]{part.3}{第三部分 稀疏表示：在图像处理中的应用}{}% 26
\BOOKMARK [-1][-]{part.4}{第四部分 稀疏表示：在图像分类中的应用}{}% 27
\BOOKMARK [-1][-]{part.5}{第五部分 附录：相关预备知识}{}% 28
\BOOKMARK [0][-]{chapter.4}{第4章  抽象空间}{part.5}% 29
\BOOKMARK [1][-]{section.4.1}{4.1 引言}{chapter.4}% 30
\BOOKMARK [1][-]{section.4.2}{4.2 赋范空间}{chapter.4}% 31
\BOOKMARK [1][-]{section.4.3}{4.3 Banach空间}{chapter.4}% 32
\BOOKMARK [1][-]{section.4.4}{4.4 常用函数空间}{chapter.4}% 33
\BOOKMARK [1][-]{section.4.5}{4.5 内积空间与Hilbert空间}{chapter.4}% 34
